<?xml version="1.0" encoding="UTF-8"?>
<!-- Generated by org.testng.reporters.JUnitReportReporter -->
<testsuite hostname="LAPTOP-T712GJ7E" failures="0" tests="1" name="Sample.Test1" time="2.871" errors="0" timestamp="2022-12-14T14:03:49 IST" skipped="0">
  <testcase classname="Sample.Test1" name="f" time="2.871"/>
  <system-out/>
</testsuite> <!-- Sample.Test1 -->
