<?xml version="1.0" encoding="UTF-8"?>
<!-- Generated by org.testng.reporters.JUnitReportReporter -->
<testsuite hostname="LAPTOP-T712GJ7E" failures="0" tests="1" name="gitStudy.testNg" time="0.012" errors="0" timestamp="2022-12-13T11:29:51 IST" skipped="0">
  <testcase classname="gitStudy.testNg" name="f" time="0.012"/>
  <system-out>
    <![CDATA[this methid is running]]>
  </system-out>
</testsuite> <!-- gitStudy.testNg -->
