<?xml version="1.0" encoding="UTF-8"?>
<!-- Generated by org.testng.reporters.JUnitReportReporter -->
<testsuite hostname="LAPTOP-T712GJ7E" failures="0" tests="1" name="Sample.NewTest" time="3.731" errors="0" timestamp="2022-12-14T15:33:36 IST" skipped="0">
  <testcase classname="Sample.NewTest" name="f" time="3.731"/>
  <system-out/>
</testsuite> <!-- Sample.NewTest -->
